Validating found git in: git
Using git 2.33.1 from git
> git rev-parse --git-dir
Open repository: /home/vitorgripa/projetos/pokelight/servidor
> git status -z -u
> git symbolic-ref --short HEAD
> git for-each-ref --format=%(refname)%00%(upstream:short)%00%(objectname)%00%(upstream:track) refs/heads/develop refs/remotes/develop
> git for-each-ref --sort -committerdate --format %(refname) %(objectname) %(*objectname)
> git remote --verbose
> git check-ignore -v -z --stdin
> git config --get commit.template
> git show --textconv :docker-compose.yml
> git ls-files --stage -- /home/vitorgripa/projetos/pokelight/servidor/docker-compose.yml
> git cat-file -s edb6cbe005afb6f8bb3b27aba7b4a138f3fcfa55
> git show --textconv :docker-compose.yml
> git ls-files --stage -- /home/vitorgripa/projetos/pokelight/servidor/docker-compose.yml
> git cat-file -s edb6cbe005afb6f8bb3b27aba7b4a138f3fcfa55
> git status -z -u
> git symbolic-ref --short HEAD
> git for-each-ref --format=%(refname)%00%(upstream:short)%00%(objectname)%00%(upstream:track) refs/heads/develop refs/remotes/develop
> git for-each-ref --sort -committerdate --format %(refname) %(objectname) %(*objectname)
> git remote --verbose
> git config --get commit.template
> git status -z -u
> git symbolic-ref --short HEAD
> git for-each-ref --format=%(refname)%00%(upstream:short)%00%(objectname)%00%(upstream:track) refs/heads/develop refs/remotes/develop
> git for-each-ref --sort -committerdate --format %(refname) %(objectname) %(*objectname)
> git remote --verbose
> git config --get commit.template
> git check-ignore -v -z --stdin
> git check-ignore -v -z --stdin
> git check-ignore -v -z --stdin
> git check-ignore -v -z --stdin
> git check-ignore -v -z --stdin
> git check-ignore -v -z --stdin
> git check-ignore -v -z --stdin
> git check-ignore -v -z --stdin
> git check-ignore -v -z --stdin
> git check-ignore -v -z --stdin
> git show --textconv :docker-files/server/Dockerfile
> git ls-files --stage -- /home/vitorgripa/projetos/pokelight/servidor/docker-files/server/Dockerfile
> git cat-file -s 4c008ffa7fb3b68e58e180ea4ee30e57db4a774d
> git check-ignore -v -z --stdin
> git check-ignore -v -z --stdin
> git check-ignore -v -z --stdin
> git show --textconv :server-files/server/monster/events/cursed gengar trick.xml
> git ls-files --stage -- /home/vitorgripa/projetos/pokelight/servidor/server-files/server/monster/events/cursed gengar trick.xml
> git check-ignore -v -z --stdin
> git check-ignore -v -z --stdin
> git check-ignore -v -z --stdin
> git check-ignore -v -z --stdin
> git check-ignore -v -z --stdin
> git check-ignore -v -z --stdin
> git show --textconv :docker-compose.yml
> git ls-files --stage -- /home/vitorgripa/projetos/pokelight/servidor/docker-compose.yml
> git cat-file -s edb6cbe005afb6f8bb3b27aba7b4a138f3fcfa55
> git status -z -u
> git symbolic-ref --short HEAD
> git for-each-ref --format=%(refname)%00%(upstream:short)%00%(objectname)%00%(upstream:track) refs/heads/develop refs/remotes/develop
> git for-each-ref --sort -committerdate --format %(refname) %(objectname) %(*objectname)
> git remote --verbose
> git config --get commit.template
