Validating found git in: git
Using git 2.33.1 from git
> git rev-parse --git-dir
Open repository: /home/vitorgripa/projetos/pokelight
> git status -z -u
> git symbolic-ref --short HEAD
> git for-each-ref --format=%(refname)%00%(upstream:short)%00%(objectname)%00%(upstream:track) refs/heads/master refs/remotes/master
> git for-each-ref --sort -committerdate --format %(refname) %(objectname) %(*objectname)
> git remote --verbose
> git config --get commit.template
> git check-ignore -v -z --stdin
> git show --textconv :backups/PSOUL/data/lib/ps/systems/050-rocketBattle.lua
> git ls-files --stage -- /home/vitorgripa/projetos/pokelight/backups/PSOUL/data/lib/ps/systems/050-rocketBattle.lua
> git check-ignore -v -z --stdin
> git show --textconv :backups/PSOUL/data/npc/scripts/quest_mateo.lua
> git ls-files --stage -- /home/vitorgripa/projetos/pokelight/backups/PSOUL/data/npc/scripts/quest_mateo.lua
> git check-ignore -v -z --stdin
> git show --textconv :backups/PSOUL/PROJETO/PSOUL/data/lib/ps/systems/001-npcBattle.lua
> git ls-files --stage -- /home/vitorgripa/projetos/pokelight/backups/PSOUL/PROJETO/PSOUL/data/lib/ps/systems/001-npcBattle.lua
> git check-ignore -v -z --stdin
> git show --textconv :backups/PSOUL/PROJETO/PSOUL/data/npc/lib/npcsystem/modules.lua
> git ls-files --stage -- /home/vitorgripa/projetos/pokelight/backups/PSOUL/PROJETO/PSOUL/data/npc/lib/npcsystem/modules.lua
> git check-ignore -v -z --stdin
> git check-ignore -v -z --stdin
> git show --textconv :backups/PSOUL/PROJETO/PSOUL/Source Server/game.cpp
> git ls-files --stage -- /home/vitorgripa/projetos/pokelight/backups/PSOUL/PROJETO/PSOUL/Source Server/game.cpp
