Validating found git in: git
Using git 2.33.1 from git
> git rev-parse --git-dir
Open repository: /home/vitorgripa/Downloads/projetos/pokelight/servidor
> git status -z -u
> git check-ignore -v -z --stdin
> git symbolic-ref --short HEAD
> git for-each-ref --format=%(refname)%00%(upstream:short)%00%(objectname)%00%(upstream:track) refs/heads/develop refs/remotes/develop
> git for-each-ref --sort -committerdate --format %(refname) %(objectname) %(*objectname)
> git remote --verbose
> git config --get commit.template
> git check-ignore -v -z --stdin
> git show --textconv :scripts/restart
> git ls-files --stage -- /home/vitorgripa/Downloads/projetos/pokelight/servidor/scripts/restart
> git show --textconv :scripts/stop
> git ls-files --stage -- /home/vitorgripa/Downloads/projetos/pokelight/servidor/scripts/stop
> git show --textconv :scripts/restart
> git ls-files --stage -- /home/vitorgripa/Downloads/projetos/pokelight/servidor/scripts/restart
> git check-ignore -v -z --stdin
> git show --textconv :docker-compose.yml
> git ls-files --stage -- /home/vitorgripa/Downloads/projetos/pokelight/servidor/docker-compose.yml
> git cat-file -s edb6cbe005afb6f8bb3b27aba7b4a138f3fcfa55
> git check-ignore -v -z --stdin
> git check-ignore -v -z --stdin
> git check-ignore -v -z --stdin
> git show --textconv :server-files/restarter.sh
> git ls-files --stage -- /home/vitorgripa/Downloads/projetos/pokelight/servidor/server-files/restarter.sh
> git cat-file -s 0bbec234a5a6e24550b570d975281cc82a966104
> git show --textconv :server-files/restart.log
> git ls-files --stage -- /home/vitorgripa/Downloads/projetos/pokelight/servidor/server-files/restart.log
> git log --format=%H%n%aN%n%aE%n%at%n%ct%n%P%n%B -z -n21 -- /home/vitorgripa/Downloads/projetos/pokelight/servidor/server-files/Servidor
> git show --textconv :server-files/restarter.sh
> git ls-files --stage -- /home/vitorgripa/Downloads/projetos/pokelight/servidor/server-files/restarter.sh
> git cat-file -s 0bbec234a5a6e24550b570d975281cc82a966104
> git log --format=%H%n%aN%n%aE%n%at%n%ct%n%P%n%B -z -n21 -- /home/vitorgripa/Downloads/projetos/pokelight/servidor/server-files/Servidor
> git check-ignore -v -z --stdin
> git check-ignore -v -z --stdin
> git show --textconv :docker-compose.yml
> git ls-files --stage -- /home/vitorgripa/Downloads/projetos/pokelight/servidor/docker-compose.yml
> git cat-file -s edb6cbe005afb6f8bb3b27aba7b4a138f3fcfa55
> git status -z -u
> git symbolic-ref --short HEAD
> git for-each-ref --format=%(refname)%00%(upstream:short)%00%(objectname)%00%(upstream:track) refs/heads/develop refs/remotes/develop
> git for-each-ref --sort -committerdate --format %(refname) %(objectname) %(*objectname)
> git remote --verbose
> git config --get commit.template
> git show --textconv :server-files/server/monster/cityquests/viridian/nidoking.xml
> git ls-files --stage -- /home/vitorgripa/Downloads/projetos/pokelight/servidor/server-files/server/monster/cityquests/viridian/nidoking.xml
> git cat-file -s ea86a0ed0e4833c0fa02c4862da043d01e8560cd
> git check-ignore -v -z --stdin
> git check-ignore -v -z --stdin
> git show --textconv :docker-files/server/Dockerfile
> git ls-files --stage -- /home/vitorgripa/Downloads/projetos/pokelight/servidor/docker-files/server/Dockerfile
> git cat-file -s 4c008ffa7fb3b68e58e180ea4ee30e57db4a774d
> git show --textconv :docker-compose.yml
> git ls-files --stage -- /home/vitorgripa/Downloads/projetos/pokelight/servidor/docker-compose.yml
> git cat-file -s edb6cbe005afb6f8bb3b27aba7b4a138f3fcfa55
> git status -z -u
> git symbolic-ref --short HEAD
> git for-each-ref --format=%(refname)%00%(upstream:short)%00%(objectname)%00%(upstream:track) refs/heads/develop refs/remotes/develop
> git for-each-ref --sort -committerdate --format %(refname) %(objectname) %(*objectname)
> git remote --verbose
> git config --get commit.template
> git status -z -u
> git symbolic-ref --short HEAD
> git for-each-ref --format=%(refname)%00%(upstream:short)%00%(objectname)%00%(upstream:track) refs/heads/develop refs/remotes/develop
> git for-each-ref --sort -committerdate --format %(refname) %(objectname) %(*objectname)
> git remote --verbose
> git config --get commit.template
> git status -z -u
> git symbolic-ref --short HEAD
> git for-each-ref --format=%(refname)%00%(upstream:short)%00%(objectname)%00%(upstream:track) refs/heads/develop refs/remotes/develop
> git for-each-ref --sort -committerdate --format %(refname) %(objectname) %(*objectname)
> git remote --verbose
> git config --get commit.template
> git check-ignore -v -z --stdin
> git show --textconv :docker-files/mysql/Dockerfile
> git ls-files --stage -- /home/vitorgripa/Downloads/projetos/pokelight/servidor/docker-files/mysql/Dockerfile
> git cat-file -s 94e9913789dbf05cbc062eef1c1fcf687b7dbdb3
> git status -z -u
> git symbolic-ref --short HEAD
> git for-each-ref --format=%(refname)%00%(upstream:short)%00%(objectname)%00%(upstream:track) refs/heads/develop refs/remotes/develop
> git for-each-ref --sort -committerdate --format %(refname) %(objectname) %(*objectname)
> git remote --verbose
> git config --get commit.template
> git show --textconv :docker-files/server/Dockerfile
> git ls-files --stage -- /home/vitorgripa/Downloads/projetos/pokelight/servidor/docker-files/server/Dockerfile
> git cat-file -s 4c008ffa7fb3b68e58e180ea4ee30e57db4a774d
> git status -z -u
> git symbolic-ref --short HEAD
> git for-each-ref --format=%(refname)%00%(upstream:short)%00%(objectname)%00%(upstream:track) refs/heads/develop refs/remotes/develop
> git for-each-ref --sort -committerdate --format %(refname) %(objectname) %(*objectname)
> git remote --verbose
> git config --get commit.template
> git status -z -u
> git symbolic-ref --short HEAD
> git for-each-ref --format=%(refname)%00%(upstream:short)%00%(objectname)%00%(upstream:track) refs/heads/develop refs/remotes/develop
> git for-each-ref --sort -committerdate --format %(refname) %(objectname) %(*objectname)
> git remote --verbose
> git config --get commit.template
> git status -z -u
> git symbolic-ref --short HEAD
> git for-each-ref --format=%(refname)%00%(upstream:short)%00%(objectname)%00%(upstream:track) refs/heads/develop refs/remotes/develop
> git for-each-ref --sort -committerdate --format %(refname) %(objectname) %(*objectname)
> git remote --verbose
> git config --get commit.template
> git status -z -u
> git symbolic-ref --short HEAD
> git for-each-ref --format=%(refname)%00%(upstream:short)%00%(objectname)%00%(upstream:track) refs/heads/develop refs/remotes/develop
> git for-each-ref --sort -committerdate --format %(refname) %(objectname) %(*objectname)
> git remote --verbose
> git config --get commit.template
> git show --textconv :docker-compose.yml
> git ls-files --stage -- /home/vitorgripa/Downloads/projetos/pokelight/servidor/docker-compose.yml
> git cat-file -s edb6cbe005afb6f8bb3b27aba7b4a138f3fcfa55
> git status -z -u
> git symbolic-ref --short HEAD
> git for-each-ref --format=%(refname)%00%(upstream:short)%00%(objectname)%00%(upstream:track) refs/heads/develop refs/remotes/develop
> git for-each-ref --sort -committerdate --format %(refname) %(objectname) %(*objectname)
> git remote --verbose
> git config --get commit.template
> git status -z -u
> git symbolic-ref --short HEAD
> git for-each-ref --format=%(refname)%00%(upstream:short)%00%(objectname)%00%(upstream:track) refs/heads/develop refs/remotes/develop
> git for-each-ref --sort -committerdate --format %(refname) %(objectname) %(*objectname)
> git remote --verbose
> git config --get commit.template
> git status -z -u
> git symbolic-ref --short HEAD
> git for-each-ref --format=%(refname)%00%(upstream:short)%00%(objectname)%00%(upstream:track) refs/heads/develop refs/remotes/develop
> git for-each-ref --sort -committerdate --format %(refname) %(objectname) %(*objectname)
> git remote --verbose
> git config --get commit.template
> git status -z -u
> git symbolic-ref --short HEAD
> git for-each-ref --format=%(refname)%00%(upstream:short)%00%(objectname)%00%(upstream:track) refs/heads/develop refs/remotes/develop
> git for-each-ref --sort -committerdate --format %(refname) %(objectname) %(*objectname)
> git remote --verbose
> git config --get commit.template
> git status -z -u
> git symbolic-ref --short HEAD
> git for-each-ref --format=%(refname)%00%(upstream:short)%00%(objectname)%00%(upstream:track) refs/heads/develop refs/remotes/develop
> git for-each-ref --sort -committerdate --format %(refname) %(objectname) %(*objectname)
> git remote --verbose
> git config --get commit.template
> git status -z -u
> git symbolic-ref --short HEAD
> git for-each-ref --format=%(refname)%00%(upstream:short)%00%(objectname)%00%(upstream:track) refs/heads/develop refs/remotes/develop
> git for-each-ref --sort -committerdate --format %(refname) %(objectname) %(*objectname)
> git remote --verbose
> git config --get commit.template
> git status -z -u
> git symbolic-ref --short HEAD
> git for-each-ref --format=%(refname)%00%(upstream:short)%00%(objectname)%00%(upstream:track) refs/heads/develop refs/remotes/develop
> git for-each-ref --sort -committerdate --format %(refname) %(objectname) %(*objectname)
> git remote --verbose
> git config --get commit.template
> git status -z -u
> git symbolic-ref --short HEAD
> git for-each-ref --format=%(refname)%00%(upstream:short)%00%(objectname)%00%(upstream:track) refs/heads/develop refs/remotes/develop
> git for-each-ref --sort -committerdate --format %(refname) %(objectname) %(*objectname)
> git remote --verbose
> git config --get commit.template
> git show --textconv :docker-files/server/Dockerfile
> git ls-files --stage -- /home/vitorgripa/Downloads/projetos/pokelight/servidor/docker-files/server/Dockerfile
> git cat-file -s 4c008ffa7fb3b68e58e180ea4ee30e57db4a774d
> git status -z -u
> git symbolic-ref --short HEAD
> git for-each-ref --format=%(refname)%00%(upstream:short)%00%(objectname)%00%(upstream:track) refs/heads/develop refs/remotes/develop
> git for-each-ref --sort -committerdate --format %(refname) %(objectname) %(*objectname)
> git remote --verbose
> git config --get commit.template
> git status -z -u
> git symbolic-ref --short HEAD
> git for-each-ref --format=%(refname)%00%(upstream:short)%00%(objectname)%00%(upstream:track) refs/heads/develop refs/remotes/develop
> git for-each-ref --sort -committerdate --format %(refname) %(objectname) %(*objectname)
> git remote --verbose
> git config --get commit.template
> git status -z -u
> git symbolic-ref --short HEAD
> git for-each-ref --format=%(refname)%00%(upstream:short)%00%(objectname)%00%(upstream:track) refs/heads/develop refs/remotes/develop
> git for-each-ref --sort -committerdate --format %(refname) %(objectname) %(*objectname)
> git remote --verbose
> git config --get commit.template
